<?xml version="1.0" encoding="UTF-8"?>
<!-- Generated by org.testng.reporters.JUnitReportReporter -->
<testsuite skipped="0" hostname="FINSOL7" name="com.sugarERP.TestCases.LoginPageTest" tests="2" failures="0" timestamp="20 Jun 2019 06:47:56 GMT" time="15.614" errors="0">
  <testcase name="loginPageTitleTest" time="8.108" classname="com.sugarERP.TestCases.LoginPageTest"/>
  <testcase name="loginTest" time="7.506" classname="com.sugarERP.TestCases.LoginPageTest"/>
</testsuite> <!-- com.sugarERP.TestCases.LoginPageTest -->
